# JRE version: OpenJDK Runtime Environment (11.0.15) (build 11.0.15+0-b2043.56-9505619)
# Java VM: OpenJDK 64-Bit Server VM (11.0.15+0-b2043.56-9505619, mixed mode, tiered, compressed oops, g1 gc, windows-amd64)
Heap:
 garbage-first heap   total 391168K, used 244591K [0x0000000080000000, 0x0000000100000000)
  region size 1024K, 36 young (36864K), 8 survivors (8192K)
 Metaspace       used 159069K, capacity 164452K, committed 165564K, reserved 1191936K
  class space    used 19272K, capacity 21269K, committed 22296K, reserved 1048576K
GC Heap History (20 events):
Event: 13137.982 GC heap before
{Heap before GC invocations=158 (full 0):
 garbage-first heap   total 391168K, used 256011K [0x0000000080000000, 0x0000000100000000)
  region size 1024K, 48 young (49152K), 2 survivors (2048K)
 Metaspace       used 156276K, capacity 161442K, committed 163132K, reserved 1189888K
  class space    used 18904K, capacity 20798K, committed 21912K, reserved 1048576K
}
Event: 13137.995 GC heap after
{Heap after GC invocations=159 (full 0):
 garbage-first heap   total 391168K, used 217619K [0x0000000080000000, 0x0000000100000000)
  region size 1024K, 9 young (9216K), 9 survivors (9216K)
 Metaspace       used 156276K, capacity 161442K, committed 163132K, reserved 1189888K
  class space    used 18904K, capacity 20798K, committed 21912K, reserved 1048576K
}
Event: 13138.531 GC heap before
{Heap before GC invocations=160 (full 0):
 garbage-first heap   total 391168K, used 321043K [0x0000000080000000, 0x0000000100000000)
  region size 1024K, 111 young (113664K), 9 survivors (9216K)
 Metaspace       used 156308K, capacity 161445K, committed 163132K, reserved 1189888K
  class space    used 18904K, capacity 20799K, committed 21912K, reserved 1048576K
}
Event: 13138.538 GC heap after
{Heap after GC invocations=161 (full 0):
 garbage-first heap   total 391168K, used 218551K [0x0000000080000000, 0x0000000100000000)
  region size 1024K, 8 young (8192K), 8 survivors (8192K)
 Metaspace       used 156308K, capacity 161445K, committed 163132K, reserved 1189888K
  class space    used 18904K, capacity 20799K, committed 21912K, reserved 1048576K
}
Event: 13138.570 GC heap before
{Heap before GC invocations=161 (full 0):
 garbage-first heap   total 391168K, used 229815K [0x0000000080000000, 0x0000000100000000)
  region size 1024K, 19 young (19456K), 8 survivors (8192K)
 Metaspace       used 156320K, capacity 161445K, committed 163132K, reserved 1189888K
  class space    used 18904K, capacity 20799K, committed 21912K, reserved 1048576K
}
Event: 13138.582 GC heap after
{Heap after GC invocations=162 (full 0):
 garbage-first heap   total 391168K, used 207532K [0x0000000080000000, 0x0000000100000000)
  region size 1024K, 1 young (1024K), 1 survivors (1024K)
 Metaspace       used 156320K, capacity 161445K, committed 163132K, reserved 1189888K
  class space    used 18904K, capacity 20799K, committed 21912K, reserved 1048576K
}
Event: 13138.645 GC heap before
{Heap before GC invocations=162 (full 0):
 garbage-first heap   total 391168K, used 219820K [0x0000000080000000, 0x0000000100000000)
  region size 1024K, 15 young (15360K), 1 survivors (1024K)
 Metaspace       used 156348K, capacity 161468K, committed 163132K, reserved 1189888K
  class space    used 18907K, capacity 20803K, committed 21912K, reserved 1048576K
}
Event: 13138.651 GC heap after
{Heap after GC invocations=163 (full 0):
 garbage-first heap   total 391168K, used 207803K [0x0000000080000000, 0x0000000100000000)
  region size 1024K, 1 young (1024K), 1 survivors (1024K)
 Metaspace       used 156348K, capacity 161468K, committed 163132K, reserved 1189888K
  class space    used 18907K, capacity 20803K, committed 21912K, reserved 1048576K
}
Event: 13389.534 GC heap before
{Heap before GC invocations=164 (full 0):
 garbage-first heap   total 391168K, used 365499K [0x0000000080000000, 0x0000000100000000)
  region size 1024K, 119 young (121856K), 1 survivors (1024K)
 Metaspace       used 156411K, capacity 161555K, committed 163132K, reserved 1189888K
  class space    used 18916K, capacity 20818K, committed 21912K, reserved 1048576K
}
Event: 13389.540 GC heap after
{Heap after GC invocations=165 (full 0):
 garbage-first heap   total 391168K, used 214621K [0x0000000080000000, 0x0000000100000000)
  region size 1024K, 8 young (8192K), 8 survivors (8192K)
 Metaspace       used 156411K, capacity 161555K, committed 163132K, reserved 1189888K
  class space    used 18916K, capacity 20818K, committed 21912K, reserved 1048576K
}
Event: 13389.552 GC heap before
{Heap before GC invocations=165 (full 0):
 garbage-first heap   total 391168K, used 224861K [0x0000000080000000, 0x0000000100000000)
  region size 1024K, 19 young (19456K), 8 survivors (8192K)
 Metaspace       used 156411K, capacity 161555K, committed 163132K, reserved 1189888K
  class space    used 18916K, capacity 20818K, committed 21912K, reserved 1048576K
}
Event: 13389.560 GC heap after
{Heap after GC invocations=166 (full 0):
 garbage-first heap   total 391168K, used 217706K [0x0000000080000000, 0x0000000100000000)
  region size 1024K, 3 young (3072K), 3 survivors (3072K)
 Metaspace       used 156411K, capacity 161555K, committed 163132K, reserved 1189888K
  class space    used 18916K, capacity 20818K, committed 21912K, reserved 1048576K
}
Event: 13389.684 GC heap before
{Heap before GC invocations=166 (full 0):
 garbage-first heap   total 391168K, used 265834K [0x0000000080000000, 0x0000000100000000)
  region size 1024K, 52 young (53248K), 3 survivors (3072K)
 Metaspace       used 156417K, capacity 161557K, committed 163132K, reserved 1189888K
  class space    used 18916K, capacity 20818K, committed 21912K, reserved 1048576K
}
Event: 13389.693 GC heap after
{Heap after GC invocations=167 (full 0):
 garbage-first heap   total 391168K, used 222081K [0x0000000080000000, 0x0000000100000000)
  region size 1024K, 8 young (8192K), 8 survivors (8192K)
 Metaspace       used 156417K, capacity 161557K, committed 163132K, reserved 1189888K
  class space    used 18916K, capacity 20818K, committed 21912K, reserved 1048576K
}
Event: 13743.086 GC heap before
{Heap before GC invocations=168 (full 0):
 garbage-first heap   total 391168K, used 324481K [0x0000000080000000, 0x0000000100000000)
  region size 1024K, 89 young (91136K), 8 survivors (8192K)
 Metaspace       used 156443K, capacity 161621K, committed 163388K, reserved 1191936K
  class space    used 18916K, capacity 20818K, committed 21912K, reserved 1048576K
}
Event: 13743.090 GC heap after
{Heap after GC invocations=169 (full 0):
 garbage-first heap   total 391168K, used 220318K [0x0000000080000000, 0x0000000100000000)
  region size 1024K, 3 young (3072K), 3 survivors (3072K)
 Metaspace       used 156443K, capacity 161621K, committed 163388K, reserved 1191936K
  class space    used 18916K, capacity 20818K, committed 21912K, reserved 1048576K
}
Event: 14605.002 GC heap before
{Heap before GC invocations=169 (full 0):
 garbage-first heap   total 391168K, used 236702K [0x0000000080000000, 0x0000000100000000)
  region size 1024K, 19 young (19456K), 3 survivors (3072K)
 Metaspace       used 156458K, capacity 161621K, committed 163388K, reserved 1191936K
  class space    used 18918K, capacity 20818K, committed 21912K, reserved 1048576K
}
Event: 14605.014 GC heap after
{Heap after GC invocations=170 (full 0):
 garbage-first heap   total 391168K, used 209298K [0x0000000080000000, 0x0000000100000000)
  region size 1024K, 1 young (1024K), 1 survivors (1024K)
 Metaspace       used 156458K, capacity 161621K, committed 163388K, reserved 1191936K
  class space    used 18918K, capacity 20818K, committed 21912K, reserved 1048576K
}
Event: 15124.620 GC heap before
{Heap before GC invocations=170 (full 0):
 garbage-first heap   total 391168K, used 305554K [0x0000000080000000, 0x0000000100000000)
  region size 1024K, 95 young (97280K), 1 survivors (1024K)
 Metaspace       used 158472K, capacity 163803K, committed 164924K, reserved 1191936K
  class space    used 19188K, capacity 21165K, committed 22168K, reserved 1048576K
}
Event: 15124.636 GC heap after
{Heap after GC invocations=171 (full 0):
 garbage-first heap   total 391168K, used 216943K [0x0000000080000000, 0x0000000100000000)
  region size 1024K, 8 young (8192K), 8 survivors (8192K)
 Metaspace       used 158472K, capacity 163803K, committed 164924K, reserved 1191936K
  class space    used 19188K, capacity 21165K, committed 22168K, reserved 1048576K
}

