# JRE version: OpenJDK Runtime Environment (11.0.15) (build 11.0.15+0-b2043.56-9505619)
# Java VM: OpenJDK 64-Bit Server VM (11.0.15+0-b2043.56-9505619, mixed mode, tiered, compressed oops, g1 gc, windows-amd64)
Heap:
 garbage-first heap   total 391168K, used 282254K [0x0000000080000000, 0x0000000100000000)
  region size 1024K, 125 young (128000K), 4 survivors (4096K)
 Metaspace       used 83107K, capacity 85586K, committed 85872K, reserved 1124352K
  class space    used 10803K, capacity 11708K, committed 11776K, reserved 1048576K
GC Heap History (19 events):
Event: 0.676 GC heap before
{Heap before GC invocations=0 (full 0):
 garbage-first heap   total 391168K, used 29696K [0x0000000080000000, 0x0000000100000000)
  region size 1024K, 24 young (24576K), 0 survivors (0K)
 Metaspace       used 9750K, capacity 9956K, committed 10112K, reserved 1058816K
  class space    used 996K, capacity 1069K, committed 1152K, reserved 1048576K
}
Event: 0.710 GC heap after
{Heap after GC invocations=1 (full 0):
 garbage-first heap   total 391168K, used 9071K [0x0000000080000000, 0x0000000100000000)
  region size 1024K, 3 young (3072K), 3 survivors (3072K)
 Metaspace       used 9750K, capacity 9956K, committed 10112K, reserved 1058816K
  class space    used 996K, capacity 1069K, committed 1152K, reserved 1048576K
}
Event: 2.822 GC heap before
{Heap before GC invocations=1 (full 0):
 garbage-first heap   total 391168K, used 105327K [0x0000000080000000, 0x0000000100000000)
  region size 1024K, 97 young (99328K), 3 survivors (3072K)
 Metaspace       used 20755K, capacity 21218K, committed 21296K, reserved 1069056K
  class space    used 2508K, capacity 2665K, committed 2688K, reserved 1048576K
}
Event: 2.830 GC heap after
{Heap after GC invocations=2 (full 0):
 garbage-first heap   total 391168K, used 16856K [0x0000000080000000, 0x0000000100000000)
  region size 1024K, 11 young (11264K), 11 survivors (11264K)
 Metaspace       used 20755K, capacity 21218K, committed 21296K, reserved 1069056K
  class space    used 2508K, capacity 2665K, committed 2688K, reserved 1048576K
}
Event: 3.652 GC heap before
{Heap before GC invocations=3 (full 0):
 garbage-first heap   total 391168K, used 89560K [0x0000000080000000, 0x0000000100000000)
  region size 1024K, 75 young (76800K), 11 survivors (11264K)
 Metaspace       used 27531K, capacity 28326K, committed 28464K, reserved 1073152K
  class space    used 3612K, capacity 3912K, committed 3968K, reserved 1048576K
}
Event: 3.659 GC heap after
{Heap after GC invocations=4 (full 0):
 garbage-first heap   total 391168K, used 29595K [0x0000000080000000, 0x0000000100000000)
  region size 1024K, 5 young (5120K), 5 survivors (5120K)
 Metaspace       used 27531K, capacity 28326K, committed 28464K, reserved 1073152K
  class space    used 3612K, capacity 3912K, committed 3968K, reserved 1048576K
}
Event: 4.471 GC heap before
{Heap before GC invocations=4 (full 0):
 garbage-first heap   total 391168K, used 120731K [0x0000000080000000, 0x0000000100000000)
  region size 1024K, 77 young (78848K), 5 survivors (5120K)
 Metaspace       used 34518K, capacity 35553K, committed 35708K, reserved 1079296K
  class space    used 4648K, capacity 5026K, committed 5120K, reserved 1048576K
}
Event: 4.480 GC heap after
{Heap after GC invocations=5 (full 0):
 garbage-first heap   total 391168K, used 54445K [0x0000000080000000, 0x0000000100000000)
  region size 1024K, 10 young (10240K), 10 survivors (10240K)
 Metaspace       used 34518K, capacity 35553K, committed 35708K, reserved 1079296K
  class space    used 4648K, capacity 5026K, committed 5120K, reserved 1048576K
}
Event: 6.001 GC heap before
{Heap before GC invocations=6 (full 0):
 garbage-first heap   total 391168K, used 189613K [0x0000000080000000, 0x0000000100000000)
  region size 1024K, 119 young (121856K), 10 survivors (10240K)
 Metaspace       used 46191K, capacity 47507K, committed 47740K, reserved 1091584K
  class space    used 5806K, capacity 6288K, committed 6400K, reserved 1048576K
}
Event: 6.011 GC heap after
{Heap after GC invocations=7 (full 0):
 garbage-first heap   total 391168K, used 85464K [0x0000000080000000, 0x0000000100000000)
  region size 1024K, 15 young (15360K), 15 survivors (15360K)
 Metaspace       used 46191K, capacity 47507K, committed 47740K, reserved 1091584K
  class space    used 5806K, capacity 6288K, committed 6400K, reserved 1048576K
}
Event: 7.575 GC heap before
{Heap before GC invocations=7 (full 0):
 garbage-first heap   total 391168K, used 227800K [0x0000000080000000, 0x0000000100000000)
  region size 1024K, 148 young (151552K), 15 survivors (15360K)
 Metaspace       used 52501K, capacity 54143K, committed 54396K, reserved 1095680K
  class space    used 6730K, capacity 7339K, committed 7424K, reserved 1048576K
}
Event: 7.585 GC heap after
{Heap after GC invocations=8 (full 0):
 garbage-first heap   total 391168K, used 103343K [0x0000000080000000, 0x0000000100000000)
  region size 1024K, 19 young (19456K), 19 survivors (19456K)
 Metaspace       used 52501K, capacity 54143K, committed 54396K, reserved 1095680K
  class space    used 6730K, capacity 7339K, committed 7424K, reserved 1048576K
}
Event: 8.109 GC heap before
{Heap before GC invocations=8 (full 0):
 garbage-first heap   total 391168K, used 150447K [0x0000000080000000, 0x0000000100000000)
  region size 1024K, 65 young (66560K), 19 survivors (19456K)
 Metaspace       used 58137K, capacity 59818K, committed 59900K, reserved 1101824K
  class space    used 7400K, capacity 8056K, committed 8064K, reserved 1048576K
}
Event: 8.128 GC heap after
{Heap after GC invocations=9 (full 0):
 garbage-first heap   total 391168K, used 109434K [0x0000000080000000, 0x0000000100000000)
  region size 1024K, 15 young (15360K), 15 survivors (15360K)
 Metaspace       used 58137K, capacity 59818K, committed 59900K, reserved 1101824K
  class space    used 7400K, capacity 8056K, committed 8064K, reserved 1048576K
}
Event: 9.729 GC heap before
{Heap before GC invocations=10 (full 0):
 garbage-first heap   total 391168K, used 247674K [0x0000000080000000, 0x0000000100000000)
  region size 1024K, 143 young (146432K), 15 survivors (15360K)
 Metaspace       used 67274K, capacity 69315K, committed 69488K, reserved 1110016K
  class space    used 8618K, capacity 9374K, committed 9472K, reserved 1048576K
}
Event: 9.739 GC heap after
{Heap after GC invocations=11 (full 0):
 garbage-first heap   total 391168K, used 118501K [0x0000000080000000, 0x0000000100000000)
  region size 1024K, 14 young (14336K), 14 survivors (14336K)
 Metaspace       used 67274K, capacity 69315K, committed 69488K, reserved 1110016K
  class space    used 8618K, capacity 9374K, committed 9472K, reserved 1048576K
}
Event: 11.669 GC heap before
{Heap before GC invocations=11 (full 0):
 garbage-first heap   total 391168K, used 281317K [0x0000000080000000, 0x0000000100000000)
  region size 1024K, 147 young (150528K), 14 survivors (14336K)
 Metaspace       used 77336K, capacity 79683K, committed 79728K, reserved 1118208K
  class space    used 10150K, capacity 10984K, committed 11008K, reserved 1048576K
}
Event: 11.679 GC heap after
{Heap after GC invocations=12 (full 0):
 garbage-first heap   total 391168K, used 157326K [0x0000000080000000, 0x0000000100000000)
  region size 1024K, 19 young (19456K), 19 survivors (19456K)
 Metaspace       used 77336K, capacity 79683K, committed 79728K, reserved 1118208K
  class space    used 10150K, capacity 10984K, committed 11008K, reserved 1048576K
}
Event: 12.331 GC heap before
{Heap before GC invocations=12 (full 0):
 garbage-first heap   total 391168K, used 281230K [0x0000000080000000, 0x0000000100000000)
  region size 1024K, 140 young (143360K), 19 survivors (19456K)
 Metaspace       used 83107K, capacity 85586K, committed 85872K, reserved 1124352K
  class space    used 10803K, capacity 11708K, committed 11776K, reserved 1048576K
}

