# JRE version: OpenJDK Runtime Environment (11.0.15) (build 11.0.15+0-b2043.56-9505619)
# Java VM: OpenJDK 64-Bit Server VM (11.0.15+0-b2043.56-9505619, mixed mode, tiered, compressed oops, g1 gc, windows-amd64)
Heap:
 garbage-first heap   total 391168K, used 99328K [0x0000000080000000, 0x0000000100000000)
  region size 1024K, 11 young (11264K), 7 survivors (7168K)
 Metaspace       used 98484K, capacity 101650K, committed 101800K, reserved 1136640K
  class space    used 12765K, capacity 13973K, committed 14080K, reserved 1048576K
GC Heap History (20 events):
Event: 0.709 GC heap before
{Heap before GC invocations=0 (full 0):
 garbage-first heap   total 391168K, used 29696K [0x0000000080000000, 0x0000000100000000)
  region size 1024K, 24 young (24576K), 0 survivors (0K)
 Metaspace       used 9755K, capacity 9956K, committed 10112K, reserved 1058816K
  class space    used 996K, capacity 1069K, committed 1152K, reserved 1048576K
}
Event: 0.713 GC heap after
{Heap after GC invocations=1 (full 0):
 garbage-first heap   total 391168K, used 9058K [0x0000000080000000, 0x0000000100000000)
  region size 1024K, 3 young (3072K), 3 survivors (3072K)
 Metaspace       used 9755K, capacity 9956K, committed 10112K, reserved 1058816K
  class space    used 996K, capacity 1069K, committed 1152K, reserved 1048576K
}
Event: 3.155 GC heap before
{Heap before GC invocations=1 (full 0):
 garbage-first heap   total 391168K, used 108386K [0x0000000080000000, 0x0000000100000000)
  region size 1024K, 100 young (102400K), 3 survivors (3072K)
 Metaspace       used 20780K, capacity 21187K, committed 21296K, reserved 1069056K
  class space    used 2524K, capacity 2685K, committed 2688K, reserved 1048576K
}
Event: 3.164 GC heap after
{Heap after GC invocations=2 (full 0):
 garbage-first heap   total 391168K, used 17367K [0x0000000080000000, 0x0000000100000000)
  region size 1024K, 12 young (12288K), 12 survivors (12288K)
 Metaspace       used 20780K, capacity 21187K, committed 21296K, reserved 1069056K
  class space    used 2524K, capacity 2685K, committed 2688K, reserved 1048576K
}
Event: 3.998 GC heap before
{Heap before GC invocations=3 (full 0):
 garbage-first heap   total 391168K, used 85975K [0x0000000080000000, 0x0000000100000000)
  region size 1024K, 79 young (80896K), 12 survivors (12288K)
 Metaspace       used 27649K, capacity 28188K, committed 28464K, reserved 1073152K
  class space    used 3624K, capacity 3841K, committed 3968K, reserved 1048576K
}
Event: 4.005 GC heap after
{Heap after GC invocations=4 (full 0):
 garbage-first heap   total 391168K, used 19656K [0x0000000080000000, 0x0000000100000000)
  region size 1024K, 3 young (3072K), 3 survivors (3072K)
 Metaspace       used 27649K, capacity 28188K, committed 28464K, reserved 1073152K
  class space    used 3624K, capacity 3841K, committed 3968K, reserved 1048576K
}
Event: 4.895 GC heap before
{Heap before GC invocations=4 (full 0):
 garbage-first heap   total 391168K, used 71880K [0x0000000080000000, 0x0000000100000000)
  region size 1024K, 55 young (56320K), 3 survivors (3072K)
 Metaspace       used 34905K, capacity 35727K, committed 35888K, reserved 1081344K
  class space    used 4554K, capacity 4887K, committed 4992K, reserved 1048576K
}
Event: 4.904 GC heap after
{Heap after GC invocations=5 (full 0):
 garbage-first heap   total 391168K, used 22409K [0x0000000080000000, 0x0000000100000000)
  region size 1024K, 6 young (6144K), 6 survivors (6144K)
 Metaspace       used 34905K, capacity 35727K, committed 35888K, reserved 1081344K
  class space    used 4554K, capacity 4887K, committed 4992K, reserved 1048576K
}
Event: 6.511 GC heap before
{Heap before GC invocations=6 (full 0):
 garbage-first heap   total 391168K, used 145289K [0x0000000080000000, 0x0000000100000000)
  region size 1024K, 123 young (125952K), 6 survivors (6144K)
 Metaspace       used 45801K, capacity 46938K, committed 47152K, reserved 1089536K
  class space    used 5830K, capacity 6263K, committed 6272K, reserved 1048576K
}
Event: 6.521 GC heap after
{Heap after GC invocations=7 (full 0):
 garbage-first heap   total 391168K, used 30560K [0x0000000080000000, 0x0000000100000000)
  region size 1024K, 14 young (14336K), 14 survivors (14336K)
 Metaspace       used 45801K, capacity 46938K, committed 47152K, reserved 1089536K
  class space    used 5830K, capacity 6263K, committed 6272K, reserved 1048576K
}
Event: 8.894 GC heap before
{Heap before GC invocations=7 (full 0):
 garbage-first heap   total 391168K, used 190304K [0x0000000080000000, 0x0000000100000000)
  region size 1024K, 169 young (173056K), 14 survivors (14336K)
 Metaspace       used 58500K, capacity 60086K, committed 60240K, reserved 1101824K
  class space    used 7438K, capacity 8077K, committed 8192K, reserved 1048576K
}
Event: 8.915 GC heap after
{Heap after GC invocations=8 (full 0):
 garbage-first heap   total 391168K, used 43309K [0x0000000080000000, 0x0000000100000000)
  region size 1024K, 22 young (22528K), 22 survivors (22528K)
 Metaspace       used 58500K, capacity 60086K, committed 60240K, reserved 1101824K
  class space    used 7438K, capacity 8077K, committed 8192K, reserved 1048576K
}
Event: 12.544 GC heap before
{Heap before GC invocations=9 (full 0):
 garbage-first heap   total 391168K, used 262445K [0x0000000080000000, 0x0000000100000000)
  region size 1024K, 229 young (234496K), 22 survivors (22528K)
 Metaspace       used 74380K, capacity 76320K, committed 76368K, reserved 1116160K
  class space    used 9744K, capacity 10473K, committed 10496K, reserved 1048576K
}
Event: 12.568 GC heap after
{Heap after GC invocations=10 (full 0):
 garbage-first heap   total 391168K, used 57424K [0x0000000080000000, 0x0000000100000000)
  region size 1024K, 26 young (26624K), 26 survivors (26624K)
 Metaspace       used 74380K, capacity 76320K, committed 76368K, reserved 1116160K
  class space    used 9744K, capacity 10473K, committed 10496K, reserved 1048576K
}
Event: 15.308 GC heap before
{Heap before GC invocations=10 (full 0):
 garbage-first heap   total 391168K, used 264272K [0x0000000080000000, 0x0000000100000000)
  region size 1024K, 229 young (234496K), 26 survivors (26624K)
 Metaspace       used 83073K, capacity 85567K, committed 85712K, reserved 1124352K
  class space    used 10964K, capacity 11902K, committed 11904K, reserved 1048576K
}
Event: 15.334 GC heap after
{Heap after GC invocations=11 (full 0):
 garbage-first heap   total 391168K, used 74514K [0x0000000080000000, 0x0000000100000000)
  region size 1024K, 29 young (29696K), 29 survivors (29696K)
 Metaspace       used 83073K, capacity 85567K, committed 85712K, reserved 1124352K
  class space    used 10964K, capacity 11902K, committed 11904K, reserved 1048576K
}
Event: 19.611 GC heap before
{Heap before GC invocations=11 (full 0):
 garbage-first heap   total 391168K, used 280338K [0x0000000080000000, 0x0000000100000000)
  region size 1024K, 229 young (234496K), 29 survivors (29696K)
 Metaspace       used 93951K, capacity 96755K, committed 97104K, reserved 1132544K
  class space    used 12161K, capacity 13217K, committed 13312K, reserved 1048576K
}
Event: 19.644 GC heap after
{Heap after GC invocations=12 (full 0):
 garbage-first heap   total 391168K, used 101781K [0x0000000080000000, 0x0000000100000000)
  region size 1024K, 25 young (25600K), 25 survivors (25600K)
 Metaspace       used 93951K, capacity 96755K, committed 97104K, reserved 1132544K
  class space    used 12161K, capacity 13217K, committed 13312K, reserved 1048576K
}
Event: 21.531 GC heap before
{Heap before GC invocations=12 (full 0):
 garbage-first heap   total 391168K, used 202133K [0x0000000080000000, 0x0000000100000000)
  region size 1024K, 125 young (128000K), 25 survivors (25600K)
 Metaspace       used 97648K, capacity 100773K, committed 100828K, reserved 1136640K
  class space    used 12641K, capacity 13824K, committed 13824K, reserved 1048576K
}
Event: 21.544 GC heap after
{Heap after GC invocations=13 (full 0):
 garbage-first heap   total 391168K, used 96256K [0x0000000080000000, 0x0000000100000000)
  region size 1024K, 7 young (7168K), 7 survivors (7168K)
 Metaspace       used 97648K, capacity 100773K, committed 100828K, reserved 1136640K
  class space    used 12641K, capacity 13824K, committed 13824K, reserved 1048576K
}

